#
# A fatal error has been detected by the Java Runtime Environment:
#
#  EXCEPTION_ACCESS_VIOLATION (0xc0000005) at pc=0x0000000020375b6b, pid=12536, tid=0x0000000000003c44
#
# JRE version: Java(TM) SE Runtime Environment (8.0_131-b11) (build 1.8.0_131-b11)
# Java VM: Java HotSpot(TM) 64-Bit Server VM (25.131-b11 mixed mode windows-amd64 compressed oops)
# Problematic frame:
# C  [rxtxSerial.dll+0x5b6b]
#
# Failed to write core dump. Minidumps are not enabled by default on client versions of Windows
#
# If you would like to submit a bug report, please visit:
#   http://bugreport.java.com/bugreport/crash.jsp
# The crash happened outside the Java Virtual Machine in native code.
# See problematic frame for where to report the bug.
#

---------------  T H R E A D  ---------------

Current thread (0x00000000174cb000):  JavaThread "Thread-3" [_thread_in_native, id=15428, stack(0x0000000020560000,0x0000000020660000)]

siginfo: ExceptionCode=0xc0000005, writing address 0x00000000204bf288

Registers:
RAX=0x00000000ffffffff, RBX=0x0000000000000000, RCX=0xdde81b9b7c8d0000, RDX=0x0000000000000000
RSP=0x000000002065f0f0, RBP=0x00000000ffffffff, RSI=0x0000000000000004, RDI=0x0000000000000001
R8 =0x0000000000ca53f0, R9 =0x0000000020370000, R10=0x000000000000001b, R11=0x0000000000c255f0
R12=0x00000000204bf280, R13=0x0000000000000001, R14=0x0000000000000000, R15=0x0000000000000000
RIP=0x0000000020375b6b, EFLAGS=0x0000000000010286

Top of Stack: (sp=0x000000002065f0f0)
0x000000002065f0f0:   0000000000000000 0000000000000000
0x000000002065f100:   0000000000000000 0000000000000000
0x000000002065f110:   0000000000000000 000000002065f250
0x000000002065f120:   000000002065f3e8 0000000000000001
0x000000002065f130:   00000000174cb1f8 0000000000000001
0x000000002065f140:   ffffffffffffffff 0000000020376211
0x000000002065f150:   000000001794c340 0000000000000001
0x000000002065f160:   0000000000000001 000000001794c340
0x000000002065f170:   0000000000000001 00000000ffffffff
0x000000002065f180:   000000002065f248 00000000174cb1f8
0x000000002065f190:   000000002065f280 0000000020376920
0x000000002065f1a0:   00000000174cb1f8 000000004004667f
0x000000002065f1b0:   000000002065f1c0 fffffffffffff8b8
0x000000002065f1c0:   0000000000000000 0000e7872b704598
0x000000002065f1d0:   0000000000000000 000000002065f3e8
0x000000002065f1e0:   00000000174cb000 0000000000000000 

Instructions: (pc=0x0000000020375b6b)
0x0000000020375b4b:   31 00 00 85 c0 78 33 74 06 03 d8 2b f8 eb 0a b9
0x0000000020375b5b:   e8 03 00 00 e8 1c 1c 00 00 41 3b dd 7c b7 8b c3
0x0000000020375b6b:   45 89 74 24 08 48 8b 5c 24 60 48 83 c4 20 41 5f
0x0000000020375b7b:   41 5e 41 5d 41 5c 5f 5e 5d c3 e8 1e 61 00 00 83 


Register to memory mapping:

RAX=0x00000000ffffffff is an unallocated location in the heap
RBX=0x0000000000000000 is an unknown value
RCX=0xdde81b9b7c8d0000 is an unknown value
RDX=0x0000000000000000 is an unknown value
RSP=0x000000002065f0f0 is pointing into the stack for thread: 0x00000000174cb000
RBP=0x00000000ffffffff is an unallocated location in the heap
RSI=0x0000000000000004 is an unknown value
RDI=0x0000000000000001 is an unknown value
R8 =0x0000000000ca53f0 is an unknown value
R9 =0x0000000020370000 is pointing into the stack for thread: 0x000000001791e800
R10=0x000000000000001b is an unknown value
R11=0x0000000000c255f0 is an unknown value
R12=0x00000000204bf280 is pointing into the stack for thread: 0x0000000017719800
R13=0x0000000000000001 is an unknown value
R14=0x0000000000000000 is an unknown value
R15=0x0000000000000000 is an unknown value


Stack: [0x0000000020560000,0x0000000020660000],  sp=0x000000002065f0f0,  free space=1020k
Native frames: (J=compiled Java code, j=interpreted, Vv=VM code, C=native code)
C  [rxtxSerial.dll+0x5b6b]
C  [rxtxSerial.dll+0x6211]
C  0x00000000031e36d2

Java frames: (J=compiled Java code, j=interpreted, Vv=VM code)
J 916  gnu.io.RXTXPort.readArray([BII)I (0 bytes) @ 0x00000000031e3654 [0x00000000031e3600+0x54]
J 915 C1 gnu.io.RXTXPort$SerialInputStream.read([BII)I (305 bytes) @ 0x00000000031e5744 [0x00000000031e4ec0+0x884]
J 914 C1 gnu.io.RXTXPort$SerialInputStream.read([B)I (149 bytes) @ 0x00000000031e3ee4 [0x00000000031e3a20+0x4c4]
j  com.PCshang.util.RxThread.Decoder()V+277
j  com.PCshang.util.RxThread.run()V+1
v  ~StubRoutines::call_stub

---------------  P R O C E S S  ---------------

Java Threads: ( => current thread )
  0x0000000016bba800 JavaThread "Thread-5" [_thread_in_native, id=14796, stack(0x0000000020760000,0x0000000020860000)]
  0x0000000017719800 JavaThread "Thread-4" [_thread_in_native, id=15460, stack(0x00000000203c0000,0x00000000204c0000)]
=>0x00000000174cb000 JavaThread "Thread-3" [_thread_in_native, id=15428, stack(0x0000000020560000,0x0000000020660000)]
  0x000000001791e800 JavaThread "TimerQueue" daemon [_thread_blocked, id=12640, stack(0x0000000020270000,0x0000000020370000)]
  0x0000000002db0800 JavaThread "DestroyJavaVM" [_thread_blocked, id=12728, stack(0x0000000002960000,0x0000000002a60000)]
  0x0000000016ecb800 JavaThread "AWT-EventQueue-0" [_thread_blocked, id=15580, stack(0x0000000017fc0000,0x00000000180c0000)]
  0x0000000016ec6000 JavaThread "AWT-Windows" daemon [_thread_in_native, id=6952, stack(0x0000000017dc0000,0x0000000017ec0000)]
  0x0000000016ec2800 JavaThread "AWT-Shutdown" [_thread_blocked, id=15212, stack(0x0000000017cc0000,0x0000000017dc0000)]
  0x0000000016ec1800 JavaThread "Java2D Disposer" daemon [_thread_blocked, id=5524, stack(0x0000000017bc0000,0x0000000017cc0000)]
  0x0000000016bb4800 JavaThread "Service Thread" daemon [_thread_blocked, id=232, stack(0x0000000017110000,0x0000000017210000)]
  0x0000000016b16000 JavaThread "C1 CompilerThread2" daemon [_thread_blocked, id=1448, stack(0x0000000017010000,0x0000000017110000)]
  0x0000000016b12000 JavaThread "C2 CompilerThread1" daemon [_thread_blocked, id=980, stack(0x0000000016f10000,0x0000000017010000)]
  0x000000001550a800 JavaThread "C2 CompilerThread0" daemon [_thread_blocked, id=9296, stack(0x0000000016a10000,0x0000000016b10000)]
  0x0000000015509000 JavaThread "Attach Listener" daemon [_thread_blocked, id=1724, stack(0x0000000016910000,0x0000000016a10000)]
  0x0000000015508800 JavaThread "Signal Dispatcher" daemon [_thread_blocked, id=680, stack(0x0000000016810000,0x0000000016910000)]
  0x000000001549a800 JavaThread "Finalizer" daemon [_thread_blocked, id=5260, stack(0x0000000016710000,0x0000000016810000)]
  0x0000000002e9f000 JavaThread "Reference Handler" daemon [_thread_blocked, id=3564, stack(0x0000000016610000,0x0000000016710000)]

Other Threads:
  0x0000000015478000 VMThread [stack: 0x0000000016510000,0x0000000016610000] [id=16208]
  0x0000000016bd6000 WatcherThread [stack: 0x0000000017210000,0x0000000017310000] [id=12680]

VM state:not at safepoint (normal execution)

VM Mutex/Monitor currently owned by a thread: None

Heap:
 PSYoungGen      total 18944K, used 4066K [0x00000000eb200000, 0x00000000ec700000, 0x0000000100000000)
  eden space 16384K, 9% used [0x00000000eb200000,0x00000000eb37d490,0x00000000ec200000)
  from space 2560K, 99% used [0x00000000ec200000,0x00000000ec47b5b0,0x00000000ec480000)
  to   space 2560K, 0% used [0x00000000ec480000,0x00000000ec480000,0x00000000ec700000)
 ParOldGen       total 44032K, used 1732K [0x00000000c1600000, 0x00000000c4100000, 0x00000000eb200000)
  object space 44032K, 3% used [0x00000000c1600000,0x00000000c17b1240,0x00000000c4100000)
 Metaspace       used 11395K, capacity 11552K, committed 11904K, reserved 1058816K
  class space    used 1481K, capacity 1542K, committed 1664K, reserved 1048576K

Card table byte_map: [0x0000000012270000,0x0000000012470000] byte_map_base: 0x0000000011c65000

Marking Bits: (ParMarkBitMap*) 0x000000005e52c720
 Begin Bits: [0x00000000129c0000, 0x0000000013968000)
 End Bits:   [0x0000000013968000, 0x0000000014910000)

Polling page: 0x00000000010b0000

CodeCache: size=245760Kb used=3322Kb max_used=3334Kb free=242437Kb
 bounds [0x0000000002eb0000, 0x0000000003200000, 0x0000000011eb0000]
 total_blobs=1410 nmethods=939 adapters=384
 compilation: enabled

Compilation events (10 events):
Event: 10.018 Thread 0x0000000016b16000  912       3       java.util.LinkedList::add (7 bytes)
Event: 10.019 Thread 0x0000000016b16000 nmethod 912 0x00000000031e2950 code [0x00000000031e2ac0, 0x00000000031e2c68]
Event: 12.586 Thread 0x0000000016b16000  913       3       java.awt.EventQueue::coalesceMouseEvent (44 bytes)
Event: 12.586 Thread 0x0000000016b16000 nmethod 913 0x00000000031e2d10 code [0x00000000031e2ea0, 0x00000000031e32e8]
Event: 15.208 Thread 0x0000000016b16000  914  s!   3       gnu.io.RXTXPort$SerialInputStream::read (149 bytes)
Event: 15.211 Thread 0x0000000016b16000 nmethod 914 0x00000000031e3850 code [0x00000000031e3a20, 0x00000000031e4598]
Event: 15.211 Thread 0x0000000016b16000  915  s!   3       gnu.io.RXTXPort$SerialInputStream::read (305 bytes)
Event: 15.215 Thread 0x0000000016b16000 nmethod 915 0x00000000031e4c10 code [0x00000000031e4ec0, 0x00000000031e6328]
Event: 25.402 Thread 0x0000000016b16000  918       3       java.awt.event.ComponentEvent::<init> (7 bytes)
Event: 25.402 Thread 0x0000000016b16000 nmethod 918 0x00000000031e7390 code [0x00000000031e7500, 0x00000000031e7688]

GC Heap History (2 events):
Event: 4.891 GC heap before
{Heap before GC invocations=1 (full 0):
 PSYoungGen      total 18944K, used 16384K [0x00000000eb200000, 0x00000000ec700000, 0x0000000100000000)
  eden space 16384K, 100% used [0x00000000eb200000,0x00000000ec200000,0x00000000ec200000)
  from space 2560K, 0% used [0x00000000ec480000,0x00000000ec480000,0x00000000ec700000)
  to   space 2560K, 0% used [0x00000000ec200000,0x00000000ec200000,0x00000000ec480000)
 ParOldGen       total 44032K, used 0K [0x00000000c1600000, 0x00000000c4100000, 0x00000000eb200000)
  object space 44032K, 0% used [0x00000000c1600000,0x00000000c1600000,0x00000000c4100000)
 Metaspace       used 10963K, capacity 11136K, committed 11264K, reserved 1058816K
  class space    used 1433K, capacity 1510K, committed 1536K, reserved 1048576K
Event: 4.896 GC heap after
Heap after GC invocations=1 (full 0):
 PSYoungGen      total 18944K, used 2541K [0x00000000eb200000, 0x00000000ec700000, 0x0000000100000000)
  eden space 16384K, 0% used [0x00000000eb200000,0x00000000eb200000,0x00000000ec200000)
  from space 2560K, 99% used [0x00000000ec200000,0x00000000ec47b5b0,0x00000000ec480000)
  to   space 2560K, 0% used [0x00000000ec480000,0x00000000ec480000,0x00000000ec700000)
 ParOldGen       total 44032K, used 1732K [0x00000000c1600000, 0x00000000c4100000, 0x00000000eb200000)
  object space 44032K, 3% used [0x00000000c1600000,0x00000000c17b1240,0x00000000c4100000)
 Metaspace       used 10963K, capacity 11136K, committed 11264K, reserved 1058816K
  class space    used 1433K, capacity 1510K, committed 1536K, reserved 1048576K
}

Deoptimization events (4 events):
Event: 0.860 Thread 0x0000000016ecb800 Uncommon trap: reason=unstable_if action=reinterpret pc=0x000000000313c950 method=java.lang.Character.isSurrogate(C)Z @ 3
Event: 0.860 Thread 0x0000000016ecb800 Uncommon trap: reason=unstable_if action=reinterpret pc=0x0000000003097660 method=java.lang.String.toLowerCase(Ljava/util/Locale;)Ljava/lang/String; @ 37
Event: 2.158 Thread 0x0000000016ecb800 Uncommon trap: reason=class_check action=maybe_recompile pc=0x0000000003023b9c method=java.lang.String.equals(Ljava/lang/Object;)Z @ 8
Event: 3.707 Thread 0x0000000016ecb800 Uncommon trap: reason=unstable_if action=reinterpret pc=0x00000000031b1ad8 method=java.awt.Component.inside(II)Z @ 21

Internal exceptions (10 events):
Event: 0.196 Thread 0x0000000002db0800 Exception <a 'java/security/PrivilegedActionException'> (0x00000000eb328438) thrown at [C:\re\workspace\8-2-build-windows-amd64-cygwin\jdk8u131\8869\hotspot\src\share\vm\prims\jvm.cpp, line 1390]
Event: 0.196 Thread 0x0000000002db0800 Exception <a 'java/security/PrivilegedActionException'> (0x00000000eb328648) thrown at [C:\re\workspace\8-2-build-windows-amd64-cygwin\jdk8u131\8869\hotspot\src\share\vm\prims\jvm.cpp, line 1390]
Event: 0.212 Thread 0x0000000002db0800 Exception <a 'java/io/FileNotFoundException'> (0x00000000eb33f9f0) thrown at [C:\re\workspace\8-2-build-windows-amd64-cygwin\jdk8u131\8869\hotspot\src\share\vm\prims\jni.cpp, line 709]
Event: 0.266 Thread 0x0000000002db0800 Exception <a 'java/lang/NoSuchFieldError': method resolution failed> (0x00000000eb40dd98) thrown at [C:\re\workspace\8-2-build-windows-amd64-cygwin\jdk8u131\8869\hotspot\src\share\vm\prims\methodHandles.cpp, line 1146]
Event: 0.274 Thread 0x0000000002db0800 Exception <a 'java/lang/NoSuchFieldError': method resolution failed> (0x00000000eb41b168) thrown at [C:\re\workspace\8-2-build-windows-amd64-cygwin\jdk8u131\8869\hotspot\src\share\vm\prims\methodHandles.cpp, line 1146]
Event: 0.363 Thread 0x0000000016ecb800 Exception <a 'java/io/FileNotFoundException'> (0x00000000eb5404e8) thrown at [C:\re\workspace\8-2-build-windows-amd64-cygwin\jdk8u131\8869\hotspot\src\share\vm\prims\jni.cpp, line 709]
Event: 0.590 Thread 0x0000000016ecb800 Exception <a 'java/io/FileNotFoundException'> (0x00000000eb6b2e98) thrown at [C:\re\workspace\8-2-build-windows-amd64-cygwin\jdk8u131\8869\hotspot\src\share\vm\prims\jni.cpp, line 709]
Event: 0.590 Thread 0x0000000016ecb800 Exception <a 'java/lang/NullPointerException'> (0x00000000eb6b34d0) thrown at [C:\re\workspace\8-2-build-windows-amd64-cygwin\jdk8u131\8869\hotspot\src\share\vm\interpreter\linkResolver.cpp, line 1197]
Event: 4.919 Thread 0x0000000016ecb800 Exception <a 'java/io/FileNotFoundException'> (0x00000000eb275750) thrown at [C:\re\workspace\8-2-build-windows-amd64-cygwin\jdk8u131\8869\hotspot\src\share\vm\prims\jni.cpp, line 709]
Event: 4.925 Thread 0x0000000016ecb800 Exception <a 'java/io/FileNotFoundException'> (0x00000000eb28bdb0) thrown at [C:\re\workspace\8-2-build-windows-amd64-cygwin\jdk8u131\8869\hotspot\src\share\vm\prims\jni.cpp, line 709]

Events (10 events):
Event: 4.930 loading class java/lang/IndexOutOfBoundsException done
Event: 4.931 loading class gnu/io/RXTXPort$MonitorThread
Event: 4.931 loading class gnu/io/RXTXPort$MonitorThread done
Event: 4.932 Thread 0x0000000017719800 Thread added: 0x0000000017719800
Event: 4.937 loading class com/PCshang/util/RxThread
Event: 4.937 loading class com/PCshang/util/RxThread done
Event: 4.938 Thread 0x00000000174cb000 Thread added: 0x00000000174cb000
Event: 17.995 loading class sun/awt/windows/WComponentPeer$1
Event: 17.996 loading class sun/awt/windows/WComponentPeer$1 done
Event: 29.505 Thread 0x0000000017719800 Thread exited: 0x0000000017719800


Dynamic libraries:
0x00007ff63b090000 - 0x00007ff63b0c7000 	C:\Program Files\Java\jre1.8.0_131\bin\javaw.exe
0x00007ffe6dce0000 - 0x00007ffe6ded0000 	C:\WINDOWS\SYSTEM32\ntdll.dll
0x00007ffe6c8e0000 - 0x00007ffe6c992000 	C:\WINDOWS\System32\KERNEL32.DLL
0x00007ffe6ba90000 - 0x00007ffe6bd33000 	C:\WINDOWS\System32\KERNELBASE.dll
0x00007ffe6ca10000 - 0x00007ffe6cab3000 	C:\WINDOWS\System32\ADVAPI32.dll
0x00007ffe6c0d0000 - 0x00007ffe6c16e000 	C:\WINDOWS\System32\msvcrt.dll
0x00007ffe6c840000 - 0x00007ffe6c8d7000 	C:\WINDOWS\System32\sechost.dll
0x00007ffe6c2d0000 - 0x00007ffe6c3f0000 	C:\WINDOWS\System32\RPCRT4.dll
0x00007ffe6c6a0000 - 0x00007ffe6c834000 	C:\WINDOWS\System32\USER32.dll
0x00007ffe6b680000 - 0x00007ffe6b6a1000 	C:\WINDOWS\System32\win32u.dll
0x00007ffe6cba0000 - 0x00007ffe6cbc6000 	C:\WINDOWS\System32\GDI32.dll
0x00007ffe6b440000 - 0x00007ffe6b5d4000 	C:\WINDOWS\System32\gdi32full.dll
0x00007ffe6b5e0000 - 0x00007ffe6b67e000 	C:\WINDOWS\System32\msvcp_win.dll
0x00007ffe6b6b0000 - 0x00007ffe6b7aa000 	C:\WINDOWS\System32\ucrtbase.dll
0x00007ffe5c030000 - 0x00007ffe5c2b5000 	C:\WINDOWS\WinSxS\amd64_microsoft.windows.common-controls_6595b64144ccf1df_6.0.18362.657_none_e6c5b579130e3898\COMCTL32.dll
0x00007ffe6bd90000 - 0x00007ffe6c0c6000 	C:\WINDOWS\System32\combase.dll
0x00007ffe6b7b0000 - 0x00007ffe6b830000 	C:\WINDOWS\System32\bcryptPrimitives.dll
0x00007ffe6cdf0000 - 0x00007ffe6ce1e000 	C:\WINDOWS\System32\IMM32.DLL
0x000000005e5b0000 - 0x000000005e682000 	C:\Program Files\Java\jre1.8.0_131\bin\msvcr100.dll
0x000000005dd10000 - 0x000000005e5ac000 	C:\Program Files\Java\jre1.8.0_131\bin\server\jvm.dll
0x00007ffe6c1f0000 - 0x00007ffe6c1f8000 	C:\WINDOWS\System32\PSAPI.DLL
0x00007ffe5ffc0000 - 0x00007ffe5ffca000 	C:\WINDOWS\SYSTEM32\VERSION.dll
0x00007ffe67020000 - 0x00007ffe67044000 	C:\WINDOWS\SYSTEM32\WINMM.dll
0x00007ffe67960000 - 0x00007ffe67969000 	C:\WINDOWS\SYSTEM32\WSOCK32.dll
0x00007ffe66f60000 - 0x00007ffe66f8d000 	C:\WINDOWS\SYSTEM32\winmmbase.dll
0x00007ffe6cbd0000 - 0x00007ffe6cc3f000 	C:\WINDOWS\System32\WS2_32.dll
0x00007ffe6bd40000 - 0x00007ffe6bd8a000 	C:\WINDOWS\System32\cfgmgr32.dll
0x000000005e990000 - 0x000000005e99f000 	C:\Program Files\Java\jre1.8.0_131\bin\verify.dll
0x000000005dce0000 - 0x000000005dd09000 	C:\Program Files\Java\jre1.8.0_131\bin\java.dll
0x000000005e970000 - 0x000000005e986000 	C:\Program Files\Java\jre1.8.0_131\bin\zip.dll
0x00007ffe6d5b0000 - 0x00007ffe6dc95000 	C:\WINDOWS\System32\SHELL32.dll
0x00007ffe6d440000 - 0x00007ffe6d4e9000 	C:\WINDOWS\System32\shcore.dll
0x00007ffe6acc0000 - 0x00007ffe6b43f000 	C:\WINDOWS\System32\windows.storage.dll
0x00007ffe6ac50000 - 0x00007ffe6ac6f000 	C:\WINDOWS\System32\profapi.dll
0x00007ffe6ac00000 - 0x00007ffe6ac4a000 	C:\WINDOWS\System32\powrprof.dll
0x00007ffe6abb0000 - 0x00007ffe6abc0000 	C:\WINDOWS\System32\UMPDC.dll
0x00007ffe6c640000 - 0x00007ffe6c692000 	C:\WINDOWS\System32\shlwapi.dll
0x00007ffe6abc0000 - 0x00007ffe6abd1000 	C:\WINDOWS\System32\kernel.appcore.dll
0x00007ffe6ac70000 - 0x00007ffe6ac87000 	C:\WINDOWS\System32\cryptsp.dll
0x000000005db40000 - 0x000000005dcd8000 	C:\Program Files\Java\jre1.8.0_131\bin\awt.dll
0x00007ffe6c570000 - 0x00007ffe6c634000 	C:\WINDOWS\System32\OLEAUT32.dll
0x00007ffe68d50000 - 0x00007ffe68ddf000 	C:\WINDOWS\SYSTEM32\apphelp.dll
0x00007ffe68e90000 - 0x00007ffe68f29000 	C:\WINDOWS\system32\uxtheme.dll
0x00007ffe6ce20000 - 0x00007ffe6cf55000 	C:\WINDOWS\System32\MSCTF.dll
0x00007ffe6c410000 - 0x00007ffe6c566000 	C:\WINDOWS\System32\ole32.dll
0x00007ffe69520000 - 0x00007ffe6954d000 	C:\WINDOWS\system32\DWMAPI.DLL
0x00007ffe42680000 - 0x00007ffe427d6000 	C:\WINDOWS\system32\opengl32.dll
0x00007ffe482b0000 - 0x00007ffe482dc000 	C:\WINDOWS\SYSTEM32\GLU32.dll
0x00007ffe69820000 - 0x00007ffe69840000 	C:\WINDOWS\SYSTEM32\dxcore.dll
0x000000005daf0000 - 0x000000005db37000 	C:\Program Files\Java\jre1.8.0_131\bin\fontmanager.dll
0x00007ffe6d4f0000 - 0x00007ffe6d592000 	C:\WINDOWS\System32\clbcatq.dll
0x00007ffe64ab0000 - 0x00007ffe64c5f000 	C:\WINDOWS\SYSTEM32\WindowsCodecs.dll
0x00007ffe42db0000 - 0x00007ffe42dea000 	C:\WINDOWS\system32\dataexchange.dll
0x00007ffe685f0000 - 0x00007ffe687cb000 	C:\WINDOWS\system32\dcomp.dll
0x00007ffe68390000 - 0x00007ffe685eb000 	C:\WINDOWS\system32\d3d11.dll
0x00007ffe698b0000 - 0x00007ffe6999b000 	C:\WINDOWS\system32\dxgi.dll
0x00007ffe69000000 - 0x00007ffe6925a000 	C:\WINDOWS\system32\twinapi.appcore.dll
0x00007ffe69430000 - 0x00007ffe69459000 	C:\WINDOWS\system32\RMCLIENT.dll
0x000000005dad0000 - 0x000000005daea000 	C:\Program Files\Java\jre1.8.0_131\bin\net.dll
0x00007ffe6a420000 - 0x00007ffe6a487000 	C:\WINDOWS\system32\mswsock.dll
0x000000005dab0000 - 0x000000005dac1000 	C:\Program Files\Java\jre1.8.0_131\bin\nio.dll
0x000000005da60000 - 0x000000005daa2000 	C:\Program Files\Java\jre1.8.0_131\bin\t2k.dll
0x00007ffe5e3c0000 - 0x00007ffe5e45e000 	C:\WINDOWS\System32\TextInputFramework.dll
0x00007ffe64ed0000 - 0x00007ffe651fa000 	C:\WINDOWS\System32\CoreUIComponents.dll
0x00007ffe68b40000 - 0x00007ffe68c14000 	C:\WINDOWS\System32\CoreMessaging.dll
0x00007ffe69c10000 - 0x00007ffe69c41000 	C:\WINDOWS\SYSTEM32\ntmarta.dll
0x00007ffe66730000 - 0x00007ffe66883000 	C:\WINDOWS\SYSTEM32\wintypes.dll
0x00007ffe5cb20000 - 0x00007ffe5cdc6000 	C:\WINDOWS\System32\iertutil.dll
0x0000000180000000 - 0x0000000180521000 	C:\Windows\System32\2345PinyinTSF.dll
0x00007ffe4ff80000 - 0x00007ffe50174000 	C:\Windows\System32\dbghelp.dll
0x00007ffe5e0b0000 - 0x00007ffe5e0b7000 	C:\Windows\System32\MSIMG32.dll
0x00007ffe5df60000 - 0x00007ffe5dfc5000 	C:\Windows\System32\OLEACC.dll
0x00007ffe6a130000 - 0x00007ffe6a16a000 	C:\Windows\System32\IPHLPAPI.DLL
0x00007ffe4fed0000 - 0x00007ffe4fefa000 	C:\Windows\System32\dbgcore.DLL
0x00007ffe67220000 - 0x00007ffe6730f000 	C:\WINDOWS\system32\propsys.dll
0x0000000020370000 - 0x0000000020395000 	C:\Windows\System32\rxtxSerial.dll

VM Arguments:
jvm_args: -Dfile.encoding=UTF-8 
java_command: com.PCshang.view.MainFrame
java_class_path (initial): C:\Users\yuhb1\eclipse-workspace\PCshang\bin;C:\Users\yuhb1\eclipse-workspace\PCshang\lib\RXTXcomm.jar;C:\Users\yuhb1\eclipse-workspace\PCshang\lib\mysql-connector-java-5.1.36.jar
Launcher Type: SUN_STANDARD

Environment Variables:
JAVA_HOME=O:\ProgramFiles\JAVA\jdk
CLASSPATH=.;O:\ProgramFiles\JAVA\jdk\lib\dt.jar;O:\ProgramFiles\JAVA\jdk\lib\tools.jar;
PATH=O:/ProgramFiles/JAVA/jdk/bin/../jre/bin/server;O:/ProgramFiles/JAVA/jdk/bin/../jre/bin;O:/ProgramFiles/JAVA/jdk/bin/../jre/lib/amd64;C:\WINDOWS\system32;C:\WINDOWS;C:\WINDOWS\System32\Wbem;C:\WINDOWS\System32\WindowsPowerShell\v1.0\;C:\WINDOWS\System32\OpenSSH\;C:\Program Files (x86)\Windows Kits\8.1\Windows Performance Toolkit\;C:\Program Files\Microsoft SQL Server\Client SDK\ODBC\110\Tools\Binn\;C:\Program Files (x86)\Microsoft SQL Server\120\Tools\Binn\;C:\Program Files\Microsoft SQL Server\120\Tools\Binn\;C:\Program Files\Microsoft SQL Server\120\DTS\Binn\;C:\Program Files\Microsoft SQL Server\110\Tools\Binn\;O:\ProgramFiles\JAVA\jdk\bin;O:\ProgramFiles\JAVA\jdk\jre\bin;O:\ProgramFiles\python\Scripts\;O:\ProgramFiles\python\;C:\Users\yuhb1\AppData\Local\Microsoft\WindowsApps;;O:\ProgramFiles\eclipse-jee-R-64\eclipse;
USERNAME=yuhb1
OS=Windows_NT
PROCESSOR_IDENTIFIER=Intel64 Family 6 Model 61 Stepping 4, GenuineIntel



---------------  S Y S T E M  ---------------

OS: Windows 10.0 , 64 bit Build 18362 (10.0.18362.329)

CPU:total 4 (initial active 4) (2 cores per cpu, 2 threads per core) family 6 model 61 stepping 4, cmov, cx8, fxsr, mmx, sse, sse2, sse3, ssse3, sse4.1, sse4.2, popcnt, avx, avx2, aes, clmul, erms, 3dnowpref, lzcnt, ht, tsc, tscinvbit, bmi1, bmi2, adx

Memory: 4k page, physical 4103672k(548348k free), swap 8035832k(1960948k free)

vm_info: Java HotSpot(TM) 64-Bit Server VM (25.131-b11) for windows-amd64 JRE (1.8.0_131-b11), built on Mar 15 2017 01:23:53 by "java_re" with MS VC++ 10.0 (VS2010)

time: Wed Feb 19 11:53:25 2020
elapsed time: 29 seconds (0d 0h 0m 29s)

