#
# A fatal error has been detected by the Java Runtime Environment:
#
#  EXCEPTION_ACCESS_VIOLATION (0xc0000005) at pc=0x000000001fdb5b6b, pid=10908, tid=0x0000000000003bb4
#
# JRE version: Java(TM) SE Runtime Environment (8.0_131-b11) (build 1.8.0_131-b11)
# Java VM: Java HotSpot(TM) 64-Bit Server VM (25.131-b11 mixed mode windows-amd64 compressed oops)
# Problematic frame:
# C  [rxtxSerial.dll+0x5b6b]
#
# Failed to write core dump. Minidumps are not enabled by default on client versions of Windows
#
# If you would like to submit a bug report, please visit:
#   http://bugreport.java.com/bugreport/crash.jsp
# The crash happened outside the Java Virtual Machine in native code.
# See problematic frame for where to report the bug.
#

---------------  T H R E A D  ---------------

Current thread (0x0000000017cfe800):  JavaThread "Thread-3" [_thread_in_native, id=15284, stack(0x000000001ff80000,0x0000000020080000)]

siginfo: ExceptionCode=0xc0000005, writing address 0x000000001ff7eb28

Registers:
RAX=0x00000000ffffffff, RBX=0x0000000000000000, RCX=0x543b515d12df0000, RDX=0x0000000000000000
RSP=0x000000002007f110, RBP=0x00000000ffffffff, RSI=0x0000000000000007, RDI=0x0000000000000001
R8 =0x00000000190752e0, R9 =0x000000001fdb0000, R10=0x000000000000001b, R11=0x000000001b196950
R12=0x000000001ff7eb20, R13=0x0000000000000001, R14=0x0000000000000000, R15=0x0000000000000000
RIP=0x000000001fdb5b6b, EFLAGS=0x0000000000010286

Top of Stack: (sp=0x000000002007f110)
0x000000002007f110:   0000000000000000 0000000000000000
0x000000002007f120:   0000000000000000 0000000000000000
0x000000002007f130:   0000000000000000 000000002007f270
0x000000002007f140:   000000002007f408 0000000000000001
0x000000002007f150:   0000000017cfe9f8 0000000000000001
0x000000002007f160:   ffffffffffffffff 000000001fdb6211
0x000000002007f170:   0000000017f46b80 0000000000000001
0x000000002007f180:   0000000000000001 0000000017f46b80
0x000000002007f190:   0000000000000001 00000000ffffffff
0x000000002007f1a0:   000000002007f268 0000000017cfe9f8
0x000000002007f1b0:   000000002007f2a0 000000001fdb6920
0x000000002007f1c0:   0000000017cfe9f8 000000004004667f
0x000000002007f1d0:   000000002007f1e0 fffffffffffff8b8
0x000000002007f1e0:   0000000000000000 0000e78725d330c5
0x000000002007f1f0:   0000000000000000 000000002007f408
0x000000002007f200:   0000000017cfe800 0000000000000000 

Instructions: (pc=0x000000001fdb5b6b)
0x000000001fdb5b4b:   31 00 00 85 c0 78 33 74 06 03 d8 2b f8 eb 0a b9
0x000000001fdb5b5b:   e8 03 00 00 e8 1c 1c 00 00 41 3b dd 7c b7 8b c3
0x000000001fdb5b6b:   45 89 74 24 08 48 8b 5c 24 60 48 83 c4 20 41 5f
0x000000001fdb5b7b:   41 5e 41 5d 41 5c 5f 5e 5d c3 e8 1e 61 00 00 83 


Register to memory mapping:

RAX=0x00000000ffffffff is an unallocated location in the heap
RBX=0x0000000000000000 is an unknown value
RCX=0x543b515d12df0000 is an unknown value
RDX=0x0000000000000000 is an unknown value
RSP=0x000000002007f110 is pointing into the stack for thread: 0x0000000017cfe800
RBP=0x00000000ffffffff is an unallocated location in the heap
RSI=0x0000000000000007 is an unknown value
RDI=0x0000000000000001 is an unknown value
R8 =0x00000000190752e0 is an unknown value
R9 =0x000000001fdb0000 is an unknown value
R10=0x000000000000001b is an unknown value
R11=0x000000001b196950 is an unknown value
R12=0x000000001ff7eb20 is an unknown value
R13=0x0000000000000001 is an unknown value
R14=0x0000000000000000 is an unknown value
R15=0x0000000000000000 is an unknown value


Stack: [0x000000001ff80000,0x0000000020080000],  sp=0x000000002007f110,  free space=1020k
Native frames: (J=compiled Java code, j=interpreted, Vv=VM code, C=native code)
C  [rxtxSerial.dll+0x5b6b]
C  [rxtxSerial.dll+0x6211]
C  0x0000000003543d92

Java frames: (J=compiled Java code, j=interpreted, Vv=VM code)
J 864  gnu.io.RXTXPort.readArray([BII)I (0 bytes) @ 0x0000000003543d14 [0x0000000003543cc0+0x54]
J 841 C1 gnu.io.RXTXPort$SerialInputStream.read([BII)I (305 bytes) @ 0x00000000035304c4 [0x000000000352fc40+0x884]
J 840 C1 gnu.io.RXTXPort$SerialInputStream.read([B)I (149 bytes) @ 0x000000000352ec64 [0x000000000352e7a0+0x4c4]
j  com.PCshang.util.RxThread.Decoder()V+277
j  com.PCshang.util.RxThread.run()V+1
v  ~StubRoutines::call_stub

---------------  P R O C E S S  ---------------

Java Threads: ( => current thread )
=>0x0000000017cfe800 JavaThread "Thread-3" [_thread_in_native, id=15284, stack(0x000000001ff80000,0x0000000020080000)]
  0x0000000003130800 JavaThread "DestroyJavaVM" [_thread_blocked, id=15648, stack(0x0000000002c50000,0x0000000002d50000)]
  0x0000000016f7d000 JavaThread "AWT-EventQueue-0" [_thread_in_native, id=1628, stack(0x0000000018430000,0x0000000018530000)]
  0x0000000016f77800 JavaThread "AWT-Windows" daemon [_thread_in_native, id=14868, stack(0x0000000018150000,0x0000000018250000)]
  0x0000000016f73800 JavaThread "AWT-Shutdown" [_thread_blocked, id=6648, stack(0x0000000018050000,0x0000000018150000)]
  0x0000000016f73000 JavaThread "Java2D Disposer" daemon [_thread_blocked, id=12712, stack(0x0000000017f50000,0x0000000018050000)]
  0x0000000016c55000 JavaThread "Service Thread" daemon [_thread_blocked, id=2752, stack(0x00000000174a0000,0x00000000175a0000)]
  0x000000001585a000 JavaThread "C1 CompilerThread2" daemon [_thread_blocked, id=2596, stack(0x00000000173a0000,0x00000000174a0000)]
  0x000000001584e000 JavaThread "C2 CompilerThread1" daemon [_thread_blocked, id=12440, stack(0x00000000172a0000,0x00000000173a0000)]
  0x0000000015848800 JavaThread "C2 CompilerThread0" daemon [_thread_blocked, id=9976, stack(0x00000000171a0000,0x00000000172a0000)]
  0x0000000016be2800 JavaThread "Attach Listener" daemon [_thread_blocked, id=2504, stack(0x00000000170a0000,0x00000000171a0000)]
  0x0000000015828000 JavaThread "Signal Dispatcher" daemon [_thread_blocked, id=4660, stack(0x0000000016fa0000,0x00000000170a0000)]
  0x000000001581a800 JavaThread "Finalizer" daemon [_thread_blocked, id=14984, stack(0x0000000016aa0000,0x0000000016ba0000)]
  0x0000000003221800 JavaThread "Reference Handler" daemon [_thread_blocked, id=13716, stack(0x00000000169a0000,0x0000000016aa0000)]

Other Threads:
  0x00000000157f8000 VMThread [stack: 0x00000000168a0000,0x00000000169a0000] [id=13196]
  0x0000000016c69800 WatcherThread [stack: 0x00000000175a0000,0x00000000176a0000] [id=13872]

VM state:not at safepoint (normal execution)

VM Mutex/Monitor currently owned by a thread: None

Heap:
 PSYoungGen      total 18944K, used 3708K [0x00000000eb200000, 0x00000000ec700000, 0x0000000100000000)
  eden space 16384K, 7% used [0x00000000eb200000,0x00000000eb323d68,0x00000000ec200000)
  from space 2560K, 99% used [0x00000000ec200000,0x00000000ec47b5b0,0x00000000ec480000)
  to   space 2560K, 0% used [0x00000000ec480000,0x00000000ec480000,0x00000000ec700000)
 ParOldGen       total 44032K, used 1746K [0x00000000c1600000, 0x00000000c4100000, 0x00000000eb200000)
  object space 44032K, 3% used [0x00000000c1600000,0x00000000c17b4ac8,0x00000000c4100000)
 Metaspace       used 11264K, capacity 11476K, committed 11648K, reserved 1058816K
  class space    used 1466K, capacity 1542K, committed 1664K, reserved 1048576K

Card table byte_map: [0x00000000125f0000,0x00000000127f0000] byte_map_base: 0x0000000011fe5000

Marking Bits: (ParMarkBitMap*) 0x000000005e52c720
 Begin Bits: [0x0000000012d40000, 0x0000000013ce8000)
 End Bits:   [0x0000000013ce8000, 0x0000000014c90000)

Polling page: 0x0000000000ff0000

CodeCache: size=245760Kb used=3213Kb max_used=3213Kb free=242546Kb
 bounds [0x0000000003230000, 0x0000000003560000, 0x0000000012230000]
 total_blobs=1354 nmethods=884 adapters=383
 compilation: enabled

Compilation events (10 events):
Event: 15.638 Thread 0x000000001585a000  858   !   3       java.awt.EventQueue::postEventPrivate (104 bytes)
Event: 15.638 Thread 0x000000001585a000 nmethod 858 0x000000000353fc10 code [0x000000000353fe20, 0x00000000035406c8]
Event: 15.638 Thread 0x000000001585a000  860       3       java.awt.EventQueue::coalesceEvent (86 bytes)
Event: 15.639 Thread 0x000000001585a000 nmethod 860 0x0000000003540a10 code [0x0000000003540c00, 0x0000000003541918]
Event: 15.753 Thread 0x000000001585a000  861       3       sun.awt.windows.WGlobalCursorManager::nativeUpdateCursor (8 bytes)
Event: 15.754 Thread 0x000000001585a000 nmethod 861 0x0000000003541b10 code [0x0000000003541d20, 0x0000000003542668]
Event: 15.754 Thread 0x000000001585a000  862       3       sun.awt.GlobalCursorManager::updateCursorLater (23 bytes)
Event: 15.754 Thread 0x000000001585a000 nmethod 862 0x0000000003542b90 code [0x0000000003542d60, 0x0000000003543418]
Event: 134.379 Thread 0x000000001585a000  866       3       java.util.LinkedList::add (7 bytes)
Event: 134.379 Thread 0x000000001585a000 nmethod 866 0x0000000003544290 code [0x0000000003544400, 0x00000000035445a8]

GC Heap History (2 events):
Event: 2.464 GC heap before
{Heap before GC invocations=1 (full 0):
 PSYoungGen      total 18944K, used 16384K [0x00000000eb200000, 0x00000000ec700000, 0x0000000100000000)
  eden space 16384K, 100% used [0x00000000eb200000,0x00000000ec200000,0x00000000ec200000)
  from space 2560K, 0% used [0x00000000ec480000,0x00000000ec480000,0x00000000ec700000)
  to   space 2560K, 0% used [0x00000000ec200000,0x00000000ec200000,0x00000000ec480000)
 ParOldGen       total 44032K, used 0K [0x00000000c1600000, 0x00000000c4100000, 0x00000000eb200000)
  object space 44032K, 0% used [0x00000000c1600000,0x00000000c1600000,0x00000000c4100000)
 Metaspace       used 11159K, capacity 11412K, committed 11648K, reserved 1058816K
  class space    used 1459K, capacity 1542K, committed 1664K, reserved 1048576K
Event: 2.469 GC heap after
Heap after GC invocations=1 (full 0):
 PSYoungGen      total 18944K, used 2541K [0x00000000eb200000, 0x00000000ec700000, 0x0000000100000000)
  eden space 16384K, 0% used [0x00000000eb200000,0x00000000eb200000,0x00000000ec200000)
  from space 2560K, 99% used [0x00000000ec200000,0x00000000ec47b5b0,0x00000000ec480000)
  to   space 2560K, 0% used [0x00000000ec480000,0x00000000ec480000,0x00000000ec700000)
 ParOldGen       total 44032K, used 1746K [0x00000000c1600000, 0x00000000c4100000, 0x00000000eb200000)
  object space 44032K, 3% used [0x00000000c1600000,0x00000000c17b4ac8,0x00000000c4100000)
 Metaspace       used 11159K, capacity 11412K, committed 11648K, reserved 1058816K
  class space    used 1459K, capacity 1542K, committed 1664K, reserved 1048576K
}

Deoptimization events (3 events):
Event: 0.923 Thread 0x0000000016f7d000 Uncommon trap: reason=unstable_if action=reinterpret pc=0x00000000034c5090 method=java.lang.Character.isSurrogate(C)Z @ 3
Event: 0.923 Thread 0x0000000016f7d000 Uncommon trap: reason=unstable_if action=reinterpret pc=0x000000000341f720 method=java.lang.String.toLowerCase(Ljava/util/Locale;)Ljava/lang/String; @ 37
Event: 2.372 Thread 0x0000000016f7d000 Uncommon trap: reason=class_check action=maybe_recompile pc=0x00000000033a98dc method=java.lang.String.equals(Ljava/lang/Object;)Z @ 8

Internal exceptions (10 events):
Event: 0.190 Thread 0x0000000003130800 Exception <a 'java/security/PrivilegedActionException'> (0x00000000eb328438) thrown at [C:\re\workspace\8-2-build-windows-amd64-cygwin\jdk8u131\8869\hotspot\src\share\vm\prims\jvm.cpp, line 1390]
Event: 0.190 Thread 0x0000000003130800 Exception <a 'java/security/PrivilegedActionException'> (0x00000000eb328648) thrown at [C:\re\workspace\8-2-build-windows-amd64-cygwin\jdk8u131\8869\hotspot\src\share\vm\prims\jvm.cpp, line 1390]
Event: 0.208 Thread 0x0000000003130800 Exception <a 'java/io/FileNotFoundException'> (0x00000000eb33f9f0) thrown at [C:\re\workspace\8-2-build-windows-amd64-cygwin\jdk8u131\8869\hotspot\src\share\vm\prims\jni.cpp, line 709]
Event: 0.263 Thread 0x0000000003130800 Exception <a 'java/lang/NoSuchFieldError': method resolution failed> (0x00000000eb40dd98) thrown at [C:\re\workspace\8-2-build-windows-amd64-cygwin\jdk8u131\8869\hotspot\src\share\vm\prims\methodHandles.cpp, line 1146]
Event: 0.267 Thread 0x0000000003130800 Exception <a 'java/lang/NoSuchFieldError': method resolution failed> (0x00000000eb41b168) thrown at [C:\re\workspace\8-2-build-windows-amd64-cygwin\jdk8u131\8869\hotspot\src\share\vm\prims\methodHandles.cpp, line 1146]
Event: 0.389 Thread 0x0000000016f7d000 Exception <a 'java/io/FileNotFoundException'> (0x00000000eb5404e8) thrown at [C:\re\workspace\8-2-build-windows-amd64-cygwin\jdk8u131\8869\hotspot\src\share\vm\prims\jni.cpp, line 709]
Event: 0.623 Thread 0x0000000016f7d000 Exception <a 'java/io/FileNotFoundException'> (0x00000000eb6b2e98) thrown at [C:\re\workspace\8-2-build-windows-amd64-cygwin\jdk8u131\8869\hotspot\src\share\vm\prims\jni.cpp, line 709]
Event: 0.623 Thread 0x0000000016f7d000 Exception <a 'java/lang/NullPointerException'> (0x00000000eb6b34d0) thrown at [C:\re\workspace\8-2-build-windows-amd64-cygwin\jdk8u131\8869\hotspot\src\share\vm\interpreter\linkResolver.cpp, line 1197]
Event: 2.463 Thread 0x0000000016f7d000 Exception <a 'java/io/FileNotFoundException'> (0x00000000ec1fb438) thrown at [C:\re\workspace\8-2-build-windows-amd64-cygwin\jdk8u131\8869\hotspot\src\share\vm\prims\jni.cpp, line 709]
Event: 2.475 Thread 0x0000000016f7d000 Exception <a 'java/io/FileNotFoundException'> (0x00000000eb211aa8) thrown at [C:\re\workspace\8-2-build-windows-amd64-cygwin\jdk8u131\8869\hotspot\src\share\vm\prims\jni.cpp, line 709]

Events (10 events):
Event: 2.480 loading class gnu/io/RXTXPort$MonitorThread done
Event: 2.481 Thread 0x0000000017c4c000 Thread added: 0x0000000017c4c000
Event: 2.487 loading class com/PCshang/util/RxThread
Event: 2.487 loading class com/PCshang/util/RxThread done
Event: 2.488 Thread 0x0000000017cfe800 Thread added: 0x0000000017cfe800
Event: 4.213 Executing VM operation: EnableBiasedLocking
Event: 4.214 Executing VM operation: EnableBiasedLocking done
Event: 15.361 loading class sun/awt/windows/WComponentPeer$1
Event: 15.361 loading class sun/awt/windows/WComponentPeer$1 done
Event: 149.193 Thread 0x0000000017c4c000 Thread exited: 0x0000000017c4c000


Dynamic libraries:
0x00007ff63b090000 - 0x00007ff63b0c7000 	C:\Program Files\Java\jre1.8.0_131\bin\javaw.exe
0x00007ffe6dce0000 - 0x00007ffe6ded0000 	C:\WINDOWS\SYSTEM32\ntdll.dll
0x00007ffe6c8e0000 - 0x00007ffe6c992000 	C:\WINDOWS\System32\KERNEL32.DLL
0x00007ffe6ba90000 - 0x00007ffe6bd33000 	C:\WINDOWS\System32\KERNELBASE.dll
0x00007ffe6ca10000 - 0x00007ffe6cab3000 	C:\WINDOWS\System32\ADVAPI32.dll
0x00007ffe6c0d0000 - 0x00007ffe6c16e000 	C:\WINDOWS\System32\msvcrt.dll
0x00007ffe6c840000 - 0x00007ffe6c8d7000 	C:\WINDOWS\System32\sechost.dll
0x00007ffe6c2d0000 - 0x00007ffe6c3f0000 	C:\WINDOWS\System32\RPCRT4.dll
0x00007ffe6c6a0000 - 0x00007ffe6c834000 	C:\WINDOWS\System32\USER32.dll
0x00007ffe6b680000 - 0x00007ffe6b6a1000 	C:\WINDOWS\System32\win32u.dll
0x00007ffe6cba0000 - 0x00007ffe6cbc6000 	C:\WINDOWS\System32\GDI32.dll
0x00007ffe6b440000 - 0x00007ffe6b5d4000 	C:\WINDOWS\System32\gdi32full.dll
0x00007ffe6b5e0000 - 0x00007ffe6b67e000 	C:\WINDOWS\System32\msvcp_win.dll
0x00007ffe6b6b0000 - 0x00007ffe6b7aa000 	C:\WINDOWS\System32\ucrtbase.dll
0x00007ffe5c030000 - 0x00007ffe5c2b5000 	C:\WINDOWS\WinSxS\amd64_microsoft.windows.common-controls_6595b64144ccf1df_6.0.18362.657_none_e6c5b579130e3898\COMCTL32.dll
0x00007ffe6bd90000 - 0x00007ffe6c0c6000 	C:\WINDOWS\System32\combase.dll
0x00007ffe6b7b0000 - 0x00007ffe6b830000 	C:\WINDOWS\System32\bcryptPrimitives.dll
0x00007ffe6cdf0000 - 0x00007ffe6ce1e000 	C:\WINDOWS\System32\IMM32.DLL
0x000000005e5b0000 - 0x000000005e682000 	C:\Program Files\Java\jre1.8.0_131\bin\msvcr100.dll
0x000000005dd10000 - 0x000000005e5ac000 	C:\Program Files\Java\jre1.8.0_131\bin\server\jvm.dll
0x00007ffe6c1f0000 - 0x00007ffe6c1f8000 	C:\WINDOWS\System32\PSAPI.DLL
0x00007ffe67020000 - 0x00007ffe67044000 	C:\WINDOWS\SYSTEM32\WINMM.dll
0x00007ffe5ffc0000 - 0x00007ffe5ffca000 	C:\WINDOWS\SYSTEM32\VERSION.dll
0x00007ffe67960000 - 0x00007ffe67969000 	C:\WINDOWS\SYSTEM32\WSOCK32.dll
0x00007ffe6cbd0000 - 0x00007ffe6cc3f000 	C:\WINDOWS\System32\WS2_32.dll
0x00007ffe66f60000 - 0x00007ffe66f8d000 	C:\WINDOWS\SYSTEM32\winmmbase.dll
0x00007ffe6bd40000 - 0x00007ffe6bd8a000 	C:\WINDOWS\System32\cfgmgr32.dll
0x000000005e990000 - 0x000000005e99f000 	C:\Program Files\Java\jre1.8.0_131\bin\verify.dll
0x000000005dce0000 - 0x000000005dd09000 	C:\Program Files\Java\jre1.8.0_131\bin\java.dll
0x000000005e970000 - 0x000000005e986000 	C:\Program Files\Java\jre1.8.0_131\bin\zip.dll
0x00007ffe6d5b0000 - 0x00007ffe6dc95000 	C:\WINDOWS\System32\SHELL32.dll
0x00007ffe6d440000 - 0x00007ffe6d4e9000 	C:\WINDOWS\System32\shcore.dll
0x00007ffe6acc0000 - 0x00007ffe6b43f000 	C:\WINDOWS\System32\windows.storage.dll
0x00007ffe6ac50000 - 0x00007ffe6ac6f000 	C:\WINDOWS\System32\profapi.dll
0x00007ffe6ac00000 - 0x00007ffe6ac4a000 	C:\WINDOWS\System32\powrprof.dll
0x00007ffe6abb0000 - 0x00007ffe6abc0000 	C:\WINDOWS\System32\UMPDC.dll
0x00007ffe6c640000 - 0x00007ffe6c692000 	C:\WINDOWS\System32\shlwapi.dll
0x00007ffe6abc0000 - 0x00007ffe6abd1000 	C:\WINDOWS\System32\kernel.appcore.dll
0x00007ffe6ac70000 - 0x00007ffe6ac87000 	C:\WINDOWS\System32\cryptsp.dll
0x000000005db40000 - 0x000000005dcd8000 	C:\Program Files\Java\jre1.8.0_131\bin\awt.dll
0x00007ffe6c570000 - 0x00007ffe6c634000 	C:\WINDOWS\System32\OLEAUT32.dll
0x00007ffe68d50000 - 0x00007ffe68ddf000 	C:\WINDOWS\SYSTEM32\apphelp.dll
0x00007ffe68e90000 - 0x00007ffe68f29000 	C:\WINDOWS\system32\uxtheme.dll
0x00007ffe6ce20000 - 0x00007ffe6cf55000 	C:\WINDOWS\System32\MSCTF.dll
0x00007ffe6c410000 - 0x00007ffe6c566000 	C:\WINDOWS\System32\ole32.dll
0x00007ffe69520000 - 0x00007ffe6954d000 	C:\WINDOWS\system32\DWMAPI.DLL
0x00007ffe42680000 - 0x00007ffe427d6000 	C:\WINDOWS\system32\opengl32.dll
0x00007ffe482b0000 - 0x00007ffe482dc000 	C:\WINDOWS\SYSTEM32\GLU32.dll
0x00007ffe69820000 - 0x00007ffe69840000 	C:\WINDOWS\SYSTEM32\dxcore.dll
0x000000005daf0000 - 0x000000005db37000 	C:\Program Files\Java\jre1.8.0_131\bin\fontmanager.dll
0x00007ffe6d4f0000 - 0x00007ffe6d592000 	C:\WINDOWS\System32\clbcatq.dll
0x00007ffe64ab0000 - 0x00007ffe64c5f000 	C:\WINDOWS\SYSTEM32\WindowsCodecs.dll
0x00007ffe42db0000 - 0x00007ffe42dea000 	C:\WINDOWS\system32\dataexchange.dll
0x00007ffe685f0000 - 0x00007ffe687cb000 	C:\WINDOWS\system32\dcomp.dll
0x00007ffe68390000 - 0x00007ffe685eb000 	C:\WINDOWS\system32\d3d11.dll
0x00007ffe698b0000 - 0x00007ffe6999b000 	C:\WINDOWS\system32\dxgi.dll
0x00007ffe69000000 - 0x00007ffe6925a000 	C:\WINDOWS\system32\twinapi.appcore.dll
0x00007ffe69430000 - 0x00007ffe69459000 	C:\WINDOWS\system32\RMCLIENT.dll
0x000000005dad0000 - 0x000000005daea000 	C:\Program Files\Java\jre1.8.0_131\bin\net.dll
0x00007ffe6a420000 - 0x00007ffe6a487000 	C:\WINDOWS\system32\mswsock.dll
0x000000005dab0000 - 0x000000005dac1000 	C:\Program Files\Java\jre1.8.0_131\bin\nio.dll
0x000000005da60000 - 0x000000005daa2000 	C:\Program Files\Java\jre1.8.0_131\bin\t2k.dll
0x00007ffe5e3c0000 - 0x00007ffe5e45e000 	C:\WINDOWS\System32\TextInputFramework.dll
0x00007ffe64ed0000 - 0x00007ffe651fa000 	C:\WINDOWS\System32\CoreUIComponents.dll
0x00007ffe68b40000 - 0x00007ffe68c14000 	C:\WINDOWS\System32\CoreMessaging.dll
0x00007ffe69c10000 - 0x00007ffe69c41000 	C:\WINDOWS\SYSTEM32\ntmarta.dll
0x00007ffe66730000 - 0x00007ffe66883000 	C:\WINDOWS\SYSTEM32\wintypes.dll
0x00007ffe5cb20000 - 0x00007ffe5cdc6000 	C:\WINDOWS\System32\iertutil.dll
0x0000000180000000 - 0x0000000180521000 	C:\Windows\System32\2345PinyinTSF.dll
0x00007ffe4ff80000 - 0x00007ffe50174000 	C:\Windows\System32\dbghelp.dll
0x00007ffe5e0b0000 - 0x00007ffe5e0b7000 	C:\Windows\System32\MSIMG32.dll
0x00007ffe5df60000 - 0x00007ffe5dfc5000 	C:\Windows\System32\OLEACC.dll
0x00007ffe6a130000 - 0x00007ffe6a16a000 	C:\Windows\System32\IPHLPAPI.DLL
0x00007ffe4fed0000 - 0x00007ffe4fefa000 	C:\Windows\System32\dbgcore.DLL
0x00007ffe67220000 - 0x00007ffe6730f000 	C:\WINDOWS\system32\propsys.dll
0x000000001fdb0000 - 0x000000001fdd5000 	C:\Windows\System32\rxtxSerial.dll

VM Arguments:
jvm_args: -Dfile.encoding=UTF-8 
java_command: com.PCshang.view.MainFrame
java_class_path (initial): C:\Users\yuhb1\eclipse-workspace\PCshang\bin;C:\Users\yuhb1\eclipse-workspace\PCshang\lib\RXTXcomm.jar;C:\Users\yuhb1\eclipse-workspace\PCshang\lib\mysql-connector-java-5.1.36.jar
Launcher Type: SUN_STANDARD

Environment Variables:
JAVA_HOME=O:\ProgramFiles\JAVA\jdk
CLASSPATH=.;O:\ProgramFiles\JAVA\jdk\lib\dt.jar;O:\ProgramFiles\JAVA\jdk\lib\tools.jar;
PATH=O:/ProgramFiles/JAVA/jdk/bin/../jre/bin/server;O:/ProgramFiles/JAVA/jdk/bin/../jre/bin;O:/ProgramFiles/JAVA/jdk/bin/../jre/lib/amd64;C:\WINDOWS\system32;C:\WINDOWS;C:\WINDOWS\System32\Wbem;C:\WINDOWS\System32\WindowsPowerShell\v1.0\;C:\WINDOWS\System32\OpenSSH\;C:\Program Files (x86)\Windows Kits\8.1\Windows Performance Toolkit\;C:\Program Files\Microsoft SQL Server\Client SDK\ODBC\110\Tools\Binn\;C:\Program Files (x86)\Microsoft SQL Server\120\Tools\Binn\;C:\Program Files\Microsoft SQL Server\120\Tools\Binn\;C:\Program Files\Microsoft SQL Server\120\DTS\Binn\;C:\Program Files\Microsoft SQL Server\110\Tools\Binn\;O:\ProgramFiles\JAVA\jdk\bin;O:\ProgramFiles\JAVA\jdk\jre\bin;O:\ProgramFiles\python\Scripts\;O:\ProgramFiles\python\;C:\Users\yuhb1\AppData\Local\Microsoft\WindowsApps;;O:\ProgramFiles\eclipse-jee-R-64\eclipse;
USERNAME=yuhb1
OS=Windows_NT
PROCESSOR_IDENTIFIER=Intel64 Family 6 Model 61 Stepping 4, GenuineIntel



---------------  S Y S T E M  ---------------

OS: Windows 10.0 , 64 bit Build 18362 (10.0.18362.329)

CPU:total 4 (initial active 4) (2 cores per cpu, 2 threads per core) family 6 model 61 stepping 4, cmov, cx8, fxsr, mmx, sse, sse2, sse3, ssse3, sse4.1, sse4.2, popcnt, avx, avx2, aes, clmul, erms, 3dnowpref, lzcnt, ht, tsc, tscinvbit, bmi1, bmi2, adx

Memory: 4k page, physical 4103672k(466632k free), swap 8035832k(1627192k free)

vm_info: Java HotSpot(TM) 64-Bit Server VM (25.131-b11) for windows-amd64 JRE (1.8.0_131-b11), built on Mar 15 2017 01:23:53 by "java_re" with MS VC++ 10.0 (VS2010)

time: Wed Feb 19 11:55:56 2020
elapsed time: 149 seconds (0d 0h 2m 29s)

